<?xml version="1.0" encoding="UTF-8"?>
<!-- Generated by org.testng.reporters.JUnitReportReporter -->
<testsuite hostname="DESKTOP-IHESOA0" name="com.onlinestore.qa.testcases.HomePageTest" tests="3" failures="0" timestamp="6 Jul 2019 12:08:07 GMT" time="54.561" errors="0">
  <testcase name="verifyHomePageLogo" time="16.891" classname="com.onlinestore.qa.testcases.HomePageTest"/>
  <testcase name="signIn" time="23.374" classname="com.onlinestore.qa.testcases.HomePageTest"/>
  <testcase name="verifyHomePageTitle" time="14.296" classname="com.onlinestore.qa.testcases.HomePageTest"/>
</testsuite> <!-- com.onlinestore.qa.testcases.HomePageTest -->
