<?xml version="1.0" encoding="UTF-8"?>
<!-- Generated by org.testng.reporters.JUnitReportReporter -->
<testsuite hostname="DESKTOP-IHESOA0" name="com.onlinestore.qa.testcases.SignInTest" tests="2" failures="0" timestamp="6 Jul 2019 12:08:07 GMT" time="46.793" errors="0">
  <testcase name="validateLoginTest" time="26.210" classname="com.onlinestore.qa.testcases.SignInTest"/>
  <testcase name="verifyInvalidLogin" time="20.583" classname="com.onlinestore.qa.testcases.SignInTest"/>
</testsuite> <!-- com.onlinestore.qa.testcases.SignInTest -->
